# JRE version: Java(TM) SE Runtime Environment (8.0_111-b14) (build 1.8.0_111-b14)
# Java VM: Java HotSpot(TM) 64-Bit Server VM (25.111-b14 mixed mode windows-amd64 compressed oops)
Heap:
 PSYoungGen      total 632320K, used 244732K [0x000000076b400000, 0x0000000793980000, 0x00000007c0000000)
  eden space 617472K, 39% used [0x000000076b400000,0x000000077a2ff0d8,0x0000000790f00000)
  from space 14848K, 0% used [0x0000000792b00000,0x0000000792b00000,0x0000000793980000)
  to   space 18432K, 0% used [0x0000000791580000,0x0000000791580000,0x0000000792780000)
 ParOldGen       total 184832K, used 42848K [0x00000006c1c00000, 0x00000006cd080000, 0x000000076b400000)
  object space 184832K, 23% used [0x00000006c1c00000,0x00000006c45d8378,0x00000006cd080000)
 Metaspace       used 62795K, capacity 64062K, committed 64168K, reserved 1105920K
  class space    used 8085K, capacity 8317K, committed 8360K, reserved 1048576K
GC Heap History (10 events):
Event: 8.334 GC heap before
{Heap before GC invocations=11 (full 2):
 PSYoungGen      total 340992K, used 325120K [0x000000076b400000, 0x0000000784600000, 0x00000007c0000000)
  eden space 325120K, 100% used [0x000000076b400000,0x000000077f180000,0x000000077f180000)
  from space 15872K, 0% used [0x0000000780280000,0x0000000780280000,0x0000000781200000)
  to   space 17408K, 0% used [0x000000077f180000,0x000000077f180000,0x0000000780280000)
 ParOldGen       total 132608K, used 19826K [0x00000006c1c00000, 0x00000006c9d80000, 0x000000076b400000)
  object space 132608K, 14% used [0x00000006c1c00000,0x00000006c2f5cb60,0x00000006c9d80000)
 Metaspace       used 39441K, capacity 40028K, committed 40232K, reserved 1085440K
  class space    used 4947K, capacity 5085K, committed 5160K, reserved 1048576K
Event: 8.349 GC heap after
Heap after GC invocations=11 (full 2):
 PSYoungGen      total 342528K, used 9482K [0x000000076b400000, 0x0000000789c80000, 0x00000007c0000000)
  eden space 325120K, 0% used [0x000000076b400000,0x000000076b400000,0x000000077f180000)
  from space 17408K, 54% used [0x000000077f180000,0x000000077fac2a70,0x0000000780280000)
  to   space 16896K, 0% used [0x0000000788c00000,0x0000000788c00000,0x0000000789c80000)
 ParOldGen       total 132608K, used 19834K [0x00000006c1c00000, 0x00000006c9d80000, 0x000000076b400000)
  object space 132608K, 14% used [0x00000006c1c00000,0x00000006c2f5eb60,0x00000006c9d80000)
 Metaspace       used 39441K, capacity 40028K, committed 40232K, reserved 1085440K
  class space    used 4947K, capacity 5085K, committed 5160K, reserved 1048576K
}
Event: 10.616 GC heap before
{Heap before GC invocations=12 (full 2):
 PSYoungGen      total 342528K, used 334602K [0x000000076b400000, 0x0000000789c80000, 0x00000007c0000000)
  eden space 325120K, 100% used [0x000000076b400000,0x000000077f180000,0x000000077f180000)
  from space 17408K, 54% used [0x000000077f180000,0x000000077fac2a70,0x0000000780280000)
  to   space 16896K, 0% used [0x0000000788c00000,0x0000000788c00000,0x0000000789c80000)
 ParOldGen       total 132608K, used 19834K [0x00000006c1c00000, 0x00000006c9d80000, 0x000000076b400000)
  object space 132608K, 14% used [0x00000006c1c00000,0x00000006c2f5eb60,0x00000006c9d80000)
 Metaspace       used 42642K, capacity 43408K, committed 43688K, reserved 1087488K
  class space    used 5319K, capacity 5483K, committed 5544K, reserved 1048576K
Event: 10.631 GC heap after
Heap after GC invocations=12 (full 2):
 PSYoungGen      total 471040K, used 14709K [0x000000076b400000, 0x0000000789a80000, 0x00000007c0000000)
  eden space 456192K, 0% used [0x000000076b400000,0x000000076b400000,0x0000000787180000)
  from space 14848K, 99% used [0x0000000788c00000,0x0000000789a5d430,0x0000000789a80000)
  to   space 17920K, 0% used [0x0000000787780000,0x0000000787780000,0x0000000788900000)
 ParOldGen       total 132608K, used 19842K [0x00000006c1c00000, 0x00000006c9d80000, 0x000000076b400000)
  object space 132608K, 14% used [0x00000006c1c00000,0x00000006c2f60b60,0x00000006c9d80000)
 Metaspace       used 42642K, capacity 43408K, committed 43688K, reserved 1087488K
  class space    used 5319K, capacity 5483K, committed 5544K, reserved 1048576K
}
Event: 12.884 GC heap before
{Heap before GC invocations=13 (full 2):
 PSYoungGen      total 471040K, used 470901K [0x000000076b400000, 0x0000000789a80000, 0x00000007c0000000)
  eden space 456192K, 100% used [0x000000076b400000,0x0000000787180000,0x0000000787180000)
  from space 14848K, 99% used [0x0000000788c00000,0x0000000789a5d430,0x0000000789a80000)
  to   space 17920K, 0% used [0x0000000787780000,0x0000000787780000,0x0000000788900000)
 ParOldGen       total 132608K, used 19842K [0x00000006c1c00000, 0x00000006c9d80000, 0x000000076b400000)
  object space 132608K, 14% used [0x00000006c1c00000,0x00000006c2f60b60,0x00000006c9d80000)
 Metaspace       used 46337K, capacity 47008K, committed 47272K, reserved 1091584K
  class space    used 5838K, capacity 5971K, committed 6056K, reserved 1048576K
Event: 12.910 GC heap after
Heap after GC invocations=13 (full 2):
 PSYoungGen      total 480256K, used 12704K [0x000000076b400000, 0x0000000793c80000, 0x00000007c0000000)
  eden space 462336K, 0% used [0x000000076b400000,0x000000076b400000,0x0000000787780000)
  from space 17920K, 70% used [0x0000000787780000,0x00000007883e80c8,0x0000000788900000)
  to   space 17920K, 0% used [0x0000000792b00000,0x0000000792b00000,0x0000000793c80000)
 ParOldGen       total 132608K, used 32138K [0x00000006c1c00000, 0x00000006c9d80000, 0x000000076b400000)
  object space 132608K, 24% used [0x00000006c1c00000,0x00000006c3b62860,0x00000006c9d80000)
 Metaspace       used 46337K, capacity 47008K, committed 47272K, reserved 1091584K
  class space    used 5838K, capacity 5971K, committed 6056K, reserved 1048576K
}
Event: 66.928 GC heap before
{Heap before GC invocations=14 (full 2):
 PSYoungGen      total 480256K, used 355212K [0x000000076b400000, 0x0000000793c80000, 0x00000007c0000000)
  eden space 462336K, 74% used [0x000000076b400000,0x000000078027b070,0x0000000787780000)
  from space 17920K, 70% used [0x0000000787780000,0x00000007883e80c8,0x0000000788900000)
  to   space 17920K, 0% used [0x0000000792b00000,0x0000000792b00000,0x0000000793c80000)
 ParOldGen       total 132608K, used 32138K [0x00000006c1c00000, 0x00000006c9d80000, 0x000000076b400000)
  object space 132608K, 24% used [0x00000006c1c00000,0x00000006c3b62860,0x00000006c9d80000)
 Metaspace       used 58015K, capacity 58940K, committed 59160K, reserved 1101824K
  class space    used 7375K, capacity 7570K, committed 7592K, reserved 1048576K
Event: 66.948 GC heap after
Heap after GC invocations=14 (full 2):
 PSYoungGen      total 632320K, used 14668K [0x000000076b400000, 0x0000000793980000, 0x00000007c0000000)
  eden space 617472K, 0% used [0x000000076b400000,0x000000076b400000,0x0000000790f00000)
  from space 14848K, 98% used [0x0000000792b00000,0x0000000793953238,0x0000000793980000)
  to   space 18432K, 0% used [0x0000000791580000,0x0000000791580000,0x0000000792780000)
 ParOldGen       total 132608K, used 38206K [0x00000006c1c00000, 0x00000006c9d80000, 0x000000076b400000)
  object space 132608K, 28% used [0x00000006c1c00000,0x00000006c414f920,0x00000006c9d80000)
 Metaspace       used 58015K, capacity 58940K, committed 59160K, reserved 1101824K
  class space    used 7375K, capacity 7570K, committed 7592K, reserved 1048576K
}
Event: 66.948 GC heap before
{Heap before GC invocations=15 (full 3):
 PSYoungGen      total 632320K, used 14668K [0x000000076b400000, 0x0000000793980000, 0x00000007c0000000)
  eden space 617472K, 0% used [0x000000076b400000,0x000000076b400000,0x0000000790f00000)
  from space 14848K, 98% used [0x0000000792b00000,0x0000000793953238,0x0000000793980000)
  to   space 18432K, 0% used [0x0000000791580000,0x0000000791580000,0x0000000792780000)
 ParOldGen       total 132608K, used 38206K [0x00000006c1c00000, 0x00000006c9d80000, 0x000000076b400000)
  object space 132608K, 28% used [0x00000006c1c00000,0x00000006c414f920,0x00000006c9d80000)
 Metaspace       used 58015K, capacity 58940K, committed 59160K, reserved 1101824K
  class space    used 7375K, capacity 7570K, committed 7592K, reserved 1048576K
Event: 67.178 GC heap after
Heap after GC invocations=15 (full 3):
 PSYoungGen      total 632320K, used 0K [0x000000076b400000, 0x0000000793980000, 0x00000007c0000000)
  eden space 617472K, 0% used [0x000000076b400000,0x000000076b400000,0x0000000790f00000)
  from space 14848K, 0% used [0x0000000792b00000,0x0000000792b00000,0x0000000793980000)
  to   space 18432K, 0% used [0x0000000791580000,0x0000000791580000,0x0000000792780000)
 ParOldGen       total 184832K, used 42848K [0x00000006c1c00000, 0x00000006cd080000, 0x000000076b400000)
  object space 184832K, 23% used [0x00000006c1c00000,0x00000006c45d8378,0x00000006cd080000)
 Metaspace       used 58015K, capacity 58940K, committed 59160K, reserved 1101824K
  class space    used 7375K, capacity 7570K, committed 7592K, reserved 1048576K
}

